d:\系统文件\桌面\gps\gps单点定位\debug\vc120.pdb
d:\系统文件\桌面\gps\gps单点定位\debug\vc120.idb
d:\系统文件\桌面\gps\gps单点定位\debug\estring.obj
d:\系统文件\桌面\gps\gps单点定位\debug\main.obj
d:\系统文件\桌面\gps\gps单点定位\debug\matrix.obj
d:\系统文件\桌面\gps\gps单点定位\debug\position.obj
d:\系统文件\桌面\gps\gps单点定位\debug\readfile.obj
d:\系统文件\桌面\gps\gps单点定位\debug\readnfile.obj
d:\系统文件\桌面\gps\gps单点定位\debug\readofile.obj
d:\系统文件\桌面\gps\gps单点定位\debug\tools.obj
d:\系统文件\桌面\gps\gps单点定位\debug\mtime.obj
d:\系统文件\桌面\gps\debug\gps单点定位.ilk
d:\系统文件\桌面\gps\debug\gps单点定位.exe
d:\系统文件\桌面\gps\debug\gps单点定位.pdb
d:\系统文件\桌面\gps\gps单点定位\debug\gps单点定位.tlog\cl.command.1.tlog
d:\系统文件\桌面\gps\gps单点定位\debug\gps单点定位.tlog\cl.read.1.tlog
d:\系统文件\桌面\gps\gps单点定位\debug\gps单点定位.tlog\cl.write.1.tlog
d:\系统文件\桌面\gps\gps单点定位\debug\gps单点定位.tlog\link.command.1.tlog
d:\系统文件\桌面\gps\gps单点定位\debug\gps单点定位.tlog\link.read.1.tlog
d:\系统文件\桌面\gps\gps单点定位\debug\gps单点定位.tlog\link.write.1.tlog
