d:\系统文件\桌面\测试\positionusingp\consoleapplication2\debug\vc120.pdb
d:\系统文件\桌面\测试\positionusingp\consoleapplication2\debug\vc120.idb
d:\系统文件\桌面\测试\positionusingp\consoleapplication2\debug\main.obj
d:\系统文件\桌面\测试\positionusingp\consoleapplication2\debug\matrix.obj
d:\系统文件\桌面\测试\positionusingp\consoleapplication2\debug\position.obj
d:\系统文件\桌面\测试\positionusingp\consoleapplication2\debug\readnfile.obj
d:\系统文件\桌面\测试\positionusingp\consoleapplication2\debug\readfile.obj
d:\系统文件\桌面\测试\positionusingp\consoleapplication2\debug\readofile.obj
d:\系统文件\桌面\测试\positionusingp\consoleapplication2\debug\estring.obj
d:\系统文件\桌面\测试\positionusingp\consoleapplication2\debug\tools.obj
d:\系统文件\桌面\测试\positionusingp\debug\gps单点定位.pdb
d:\系统文件\桌面\测试\positionusingp\consoleapplication2\debug\gps单点定位.tlog\cl.command.1.tlog
d:\系统文件\桌面\测试\positionusingp\consoleapplication2\debug\gps单点定位.tlog\cl.read.1.tlog
d:\系统文件\桌面\测试\positionusingp\consoleapplication2\debug\gps单点定位.tlog\cl.write.1.tlog
d:\系统文件\桌面\测试\positionusingp\consoleapplication2\debug\gps单点定位.tlog\link-cvtres.read.1.tlog
d:\系统文件\桌面\测试\positionusingp\consoleapplication2\debug\gps单点定位.tlog\link-cvtres.write.1.tlog
d:\系统文件\桌面\测试\positionusingp\consoleapplication2\debug\gps单点定位.tlog\link-rc.read.1.tlog
d:\系统文件\桌面\测试\positionusingp\consoleapplication2\debug\gps单点定位.tlog\link-rc.write.1.tlog
d:\系统文件\桌面\测试\positionusingp\consoleapplication2\debug\gps单点定位.tlog\link.9440-cvtres.read.1.tlog
d:\系统文件\桌面\测试\positionusingp\consoleapplication2\debug\gps单点定位.tlog\link.9440-cvtres.write.1.tlog
d:\系统文件\桌面\测试\positionusingp\consoleapplication2\debug\gps单点定位.tlog\link.9440-rc.read.1.tlog
d:\系统文件\桌面\测试\positionusingp\consoleapplication2\debug\gps单点定位.tlog\link.9440-rc.write.1.tlog
d:\系统文件\桌面\测试\positionusingp\consoleapplication2\debug\gps单点定位.tlog\link.9440.read.1.tlog
d:\系统文件\桌面\测试\positionusingp\consoleapplication2\debug\gps单点定位.tlog\link.9440.write.1.tlog
d:\系统文件\桌面\测试\positionusingp\consoleapplication2\debug\gps单点定位.tlog\link.command.1.tlog
d:\系统文件\桌面\测试\positionusingp\consoleapplication2\debug\gps单点定位.tlog\link.read.1.tlog
d:\系统文件\桌面\测试\positionusingp\consoleapplication2\debug\gps单点定位.tlog\link.write.1.tlog
