e:\桌面\mgss\mgss\debug\vc141.pdb
e:\桌面\mgss\mgss\debug\vc141.idb
e:\桌面\mgss\mgss\debug\estring.obj
e:\桌面\mgss\mgss\debug\main.obj
e:\桌面\mgss\mgss\debug\matrix.obj
e:\桌面\mgss\mgss\debug\mtime.obj
e:\桌面\mgss\mgss\debug\position.obj
e:\桌面\mgss\mgss\debug\readfile.obj
e:\桌面\mgss\mgss\debug\readnfile.obj
e:\桌面\mgss\mgss\debug\readofile.obj
e:\桌面\mgss\mgss\debug\tools.obj
e:\桌面\mgss\debug\multgnss.ilk
e:\桌面\mgss\debug\multgnss.exe
e:\桌面\mgss\debug\multgnss.pdb
e:\桌面\mgss\mgss\debug\vc120.idb
e:\桌面\mgss\mgss\debug\vc120.pdb
e:\桌面\mgss\mgss\debug\multgnss.tlog\cl.command.1.tlog
e:\桌面\mgss\mgss\debug\multgnss.tlog\cl.read.1.tlog
e:\桌面\mgss\mgss\debug\multgnss.tlog\cl.write.1.tlog
e:\桌面\mgss\mgss\debug\multgnss.tlog\link.command.1.tlog
e:\桌面\mgss\mgss\debug\multgnss.tlog\link.read.1.tlog
e:\桌面\mgss\mgss\debug\multgnss.tlog\link.write.1.tlog
